twa-clientes/app/build/intermediates/manifest_merge_blame_file/release/manifest-merger-blame-release-report.txt
1<?xml version="1.0" encoding="utf-8"?>
2<manifest xmlns:android="http://schemas.android.com/apk/res/android"
3    package="com.manoprotect.clientes"
4    android:versionCode="1"
5    android:versionName="1.0.0" >
6
7    <uses-sdk
8        android:minSdkVersion="24"
9        android:targetSdkVersion="35" />
10
11    <uses-permission android:name="android.permission.INTERNET" />
11-->src/main/AndroidManifest.xml:5:5-67
11-->src/main/AndroidManifest.xml:5:22-64
12    <uses-permission android:name="android.permission.ACCESS_NETWORK_STATE" />
12-->src/main/AndroidManifest.xml:6:5-79
12-->src/main/AndroidManifest.xml:6:22-76
13    <uses-permission android:name="android.permission.POST_NOTIFICATIONS" />
13-->src/main/AndroidManifest.xml:7:5-77
13-->src/main/AndroidManifest.xml:7:22-74
14    <uses-permission android:name="android.permission.VIBRATE" />
14-->src/main/AndroidManifest.xml:8:5-66
14-->src/main/AndroidManifest.xml:8:22-63
15    <uses-permission android:name="android.permission.CAMERA" />
15-->src/main/AndroidManifest.xml:9:5-65
15-->src/main/AndroidManifest.xml:9:22-62
16    <uses-permission android:name="android.permission.ACCESS_FINE_LOCATION" />
16-->src/main/AndroidManifest.xml:10:5-79
16-->src/main/AndroidManifest.xml:10:22-76
17    <uses-permission android:name="android.permission.ACCESS_COARSE_LOCATION" />
17-->src/main/AndroidManifest.xml:11:5-81
17-->src/main/AndroidManifest.xml:11:22-78
18    <uses-permission android:name="android.permission.ACCESS_BACKGROUND_LOCATION" />
18-->src/main/AndroidManifest.xml:12:5-85
18-->src/main/AndroidManifest.xml:12:22-82
19
20    <uses-feature
20-->src/main/AndroidManifest.xml:14:5-85
21        android:name="android.hardware.camera"
21-->src/main/AndroidManifest.xml:14:19-57
22        android:required="false" />
22-->src/main/AndroidManifest.xml:14:58-82
23    <uses-feature
23-->src/main/AndroidManifest.xml:15:5-91
24        android:name="android.hardware.location.gps"
24-->src/main/AndroidManifest.xml:15:19-63
25        android:required="false" />
25-->src/main/AndroidManifest.xml:15:64-88
26
27    <queries>
27-->[com.google.androidbrowserhelper:androidbrowserhelper:2.5.0] AndroidManifest.xml:26:5-34:15
28        <intent>
28-->[com.google.androidbrowserhelper:androidbrowserhelper:2.5.0] AndroidManifest.xml:27:9-33:18
29            <action android:name="android.intent.action.VIEW" />
29-->src/main/AndroidManifest.xml:72:17-69
29-->src/main/AndroidManifest.xml:72:25-66
30
31            <category android:name="android.intent.category.BROWSABLE" />
31-->src/main/AndroidManifest.xml:74:17-78
31-->src/main/AndroidManifest.xml:74:27-75
32
33            <data android:scheme="https" />
33-->src/main/AndroidManifest.xml:75:23-45
34        </intent>
35    </queries>
36
37    <permission
37-->[androidx.core:core:1.9.0] AndroidManifest.xml:22:5-24:47
38        android:name="com.manoprotect.clientes.DYNAMIC_RECEIVER_NOT_EXPORTED_PERMISSION"
38-->[androidx.core:core:1.9.0] AndroidManifest.xml:23:9-81
39        android:protectionLevel="signature" />
39-->[androidx.core:core:1.9.0] AndroidManifest.xml:24:9-44
40
41    <uses-permission android:name="com.manoprotect.clientes.DYNAMIC_RECEIVER_NOT_EXPORTED_PERMISSION" />
41-->[androidx.core:core:1.9.0] AndroidManifest.xml:26:5-97
41-->[androidx.core:core:1.9.0] AndroidManifest.xml:26:22-94
42
43    <application
43-->src/main/AndroidManifest.xml:17:5-99:19
44        android:name="android.app.Application"
44-->src/main/AndroidManifest.xml:18:9-47
45        android:allowBackup="false"
45-->src/main/AndroidManifest.xml:22:9-36
46        android:appComponentFactory="androidx.core.app.CoreComponentFactory"
46-->[androidx.core:core:1.9.0] AndroidManifest.xml:28:18-86
47        android:extractNativeLibs="false"
48        android:icon="@mipmap/ic_launcher"
48-->src/main/AndroidManifest.xml:20:9-43
49        android:label="@string/app_name"
49-->src/main/AndroidManifest.xml:19:9-41
50        android:roundIcon="@mipmap/ic_launcher_round"
50-->src/main/AndroidManifest.xml:21:9-54
51        android:supportsRtl="true"
51-->src/main/AndroidManifest.xml:24:9-35
52        android:theme="@style/AppTheme" >
52-->src/main/AndroidManifest.xml:23:9-40
53        <meta-data
54            android:name="asset_statements"
54-->src/main/AndroidManifest.xml:28:13-44
55            android:value="[{ &quot;relation&quot;: [&quot;delegate_permission/common.handle_all_urls&quot;], &quot;target&quot;: { &quot;namespace&quot;: &quot;web&quot;, &quot;site&quot;: &quot;https://www.manoprotectt.com&quot; } }]" />
55-->src/main/AndroidManifest.xml:29:13-47
56
57        <activity
58            android:name="com.manoprotect.clientes.LauncherActivity"
58-->src/main/AndroidManifest.xml:32:13-69
59            android:configChanges="keyboard|keyboardHidden|orientation|screenLayout|screenSize|smallestScreenSize|uiMode|density"
59-->src/main/AndroidManifest.xml:36:13-130
60            android:exported="true"
60-->src/main/AndroidManifest.xml:34:13-36
61            android:label="ManoProtect"
61-->src/main/AndroidManifest.xml:33:13-44
62            android:resizeableActivity="true" >
62-->src/main/AndroidManifest.xml:35:13-46
63            <meta-data
64                android:name="android.support.customtabs.trusted.DEFAULT_URL"
64-->src/main/AndroidManifest.xml:39:17-78
65                android:value="https://www.manoprotectt.com/app-cliente" />
65-->src/main/AndroidManifest.xml:40:17-46
66            <meta-data
66-->src/main/AndroidManifest.xml:42:13-44:53
67                android:name="android.support.customtabs.trusted.STATUS_BAR_COLOR"
67-->src/main/AndroidManifest.xml:43:17-83
68                android:resource="@color/primary" />
68-->src/main/AndroidManifest.xml:44:17-50
69            <meta-data
69-->src/main/AndroidManifest.xml:46:13-48:58
70                android:name="android.support.customtabs.trusted.NAVIGATION_BAR_COLOR"
70-->src/main/AndroidManifest.xml:47:17-87
71                android:resource="@color/primary_dark" />
71-->src/main/AndroidManifest.xml:48:17-55
72            <meta-data
72-->src/main/AndroidManifest.xml:50:13-52:55
73                android:name="android.support.customtabs.trusted.SPLASH_IMAGE_DRAWABLE"
73-->src/main/AndroidManifest.xml:51:17-88
74                android:resource="@drawable/splash" />
74-->src/main/AndroidManifest.xml:52:17-52
75            <meta-data
75-->src/main/AndroidManifest.xml:54:13-56:63
76                android:name="android.support.customtabs.trusted.SPLASH_SCREEN_BACKGROUND_COLOR"
76-->src/main/AndroidManifest.xml:55:17-97
77                android:resource="@color/splash_background" />
77-->src/main/AndroidManifest.xml:56:17-60
78            <meta-data
78-->src/main/AndroidManifest.xml:58:13-60:39
79                android:name="android.support.customtabs.trusted.SPLASH_SCREEN_FADE_OUT_DURATION"
79-->src/main/AndroidManifest.xml:59:17-98
80                android:value="300" />
80-->src/main/AndroidManifest.xml:60:17-36
81            <meta-data
82                android:name="android.support.customtabs.trusted.FILE_PROVIDER_AUTHORITY"
82-->src/main/AndroidManifest.xml:63:17-90
83                android:value="com.manoprotect.clientes.fileprovider" />
83-->src/main/AndroidManifest.xml:64:17-62
84
85            <intent-filter>
85-->src/main/AndroidManifest.xml:66:13-69:29
86                <action android:name="android.intent.action.MAIN" />
86-->src/main/AndroidManifest.xml:67:17-69
86-->src/main/AndroidManifest.xml:67:25-66
87
88                <category android:name="android.intent.category.LAUNCHER" />
88-->src/main/AndroidManifest.xml:68:17-77
88-->src/main/AndroidManifest.xml:68:27-74
89            </intent-filter>
90            <intent-filter android:autoVerify="true" >
90-->src/main/AndroidManifest.xml:71:13-76:29
90-->src/main/AndroidManifest.xml:71:28-53
91                <action android:name="android.intent.action.VIEW" />
91-->src/main/AndroidManifest.xml:72:17-69
91-->src/main/AndroidManifest.xml:72:25-66
92
93                <category android:name="android.intent.category.DEFAULT" />
93-->src/main/AndroidManifest.xml:85:17-76
93-->src/main/AndroidManifest.xml:85:27-73
94                <category android:name="android.intent.category.BROWSABLE" />
94-->src/main/AndroidManifest.xml:74:17-78
94-->src/main/AndroidManifest.xml:74:27-75
95
96                <data
97                    android:host="www.manoprotectt.com"
97-->src/main/AndroidManifest.xml:75:46-72
98                    android:scheme="https" />
98-->src/main/AndroidManifest.xml:75:23-45
99            </intent-filter>
100        </activity>
101
102        <service
102-->src/main/AndroidManifest.xml:79:9-87:19
103            android:name="com.google.androidbrowserhelper.trusted.DelegationService"
103-->src/main/AndroidManifest.xml:80:13-85
104            android:enabled="true"
104-->src/main/AndroidManifest.xml:81:13-35
105            android:exported="true" >
105-->src/main/AndroidManifest.xml:82:13-36
106            <intent-filter>
106-->src/main/AndroidManifest.xml:83:13-86:29
107                <action android:name="android.support.customtabs.trusted.TRUSTED_WEB_ACTIVITY_SERVICE" />
107-->src/main/AndroidManifest.xml:84:17-106
107-->src/main/AndroidManifest.xml:84:25-103
108
109                <category android:name="android.intent.category.DEFAULT" />
109-->src/main/AndroidManifest.xml:85:17-76
109-->src/main/AndroidManifest.xml:85:27-73
110            </intent-filter>
111        </service>
112
113        <provider
114            android:name="androidx.core.content.FileProvider"
114-->src/main/AndroidManifest.xml:90:13-62
115            android:authorities="com.manoprotect.clientes.fileprovider"
115-->src/main/AndroidManifest.xml:91:13-64
116            android:exported="false"
116-->src/main/AndroidManifest.xml:92:13-37
117            android:grantUriPermissions="true" >
117-->src/main/AndroidManifest.xml:93:13-47
118            <meta-data
118-->src/main/AndroidManifest.xml:94:13-96:53
119                android:name="android.support.FILE_PROVIDER_PATHS"
119-->src/main/AndroidManifest.xml:95:17-67
120                android:resource="@xml/filepaths" />
120-->src/main/AndroidManifest.xml:96:17-50
121        </provider>
122        <provider
122-->[androidx.emoji2:emoji2:1.2.0] AndroidManifest.xml:24:9-32:20
123            android:name="androidx.startup.InitializationProvider"
123-->[androidx.emoji2:emoji2:1.2.0] AndroidManifest.xml:25:13-67
124            android:authorities="com.manoprotect.clientes.androidx-startup"
124-->[androidx.emoji2:emoji2:1.2.0] AndroidManifest.xml:26:13-68
125            android:exported="false" >
125-->[androidx.emoji2:emoji2:1.2.0] AndroidManifest.xml:27:13-37
126            <meta-data
126-->[androidx.emoji2:emoji2:1.2.0] AndroidManifest.xml:29:13-31:52
127                android:name="androidx.emoji2.text.EmojiCompatInitializer"
127-->[androidx.emoji2:emoji2:1.2.0] AndroidManifest.xml:30:17-75
128                android:value="androidx.startup" />
128-->[androidx.emoji2:emoji2:1.2.0] AndroidManifest.xml:31:17-49
129            <meta-data
129-->[androidx.lifecycle:lifecycle-process:2.4.1] AndroidManifest.xml:31:13-33:52
130                android:name="androidx.lifecycle.ProcessLifecycleInitializer"
130-->[androidx.lifecycle:lifecycle-process:2.4.1] AndroidManifest.xml:32:17-78
131                android:value="androidx.startup" />
131-->[androidx.lifecycle:lifecycle-process:2.4.1] AndroidManifest.xml:33:17-49
132        </provider>
133    </application>
134
135</manifest>